c:\users\student\desktop\mygame\x64\debug\vc142.pdb
c:\users\student\desktop\mygame\x64\debug\vc142.idb
c:\users\student\desktop\mygame\x64\debug\stage3.obj
c:\users\student\desktop\mygame\x64\debug\stage2.obj
c:\users\student\desktop\mygame\x64\debug\mode.obj
c:\users\student\desktop\mygame\x64\debug\game5.obj
c:\users\student\desktop\mygame\x64\debug\input.obj
c:\users\student\desktop\mygame\x64\debug\stage1.obj
c:\users\student\desktop\mygame\x64\debug\menu.obj
e:\docs\tca\c\c++\mygame\x64\debug\game5.exe
e:\docs\tca\c\c++\mygame\x64\debug\game5.ilk
e:\docs\tca\c\c++\mygame\x64\debug\game5.pdb
c:\users\student\desktop\mygame\x64\debug\game5.pdb
c:\users\student\desktop\mygame\x64\debug\game5.tlog\cl.command.1.tlog
c:\users\student\desktop\mygame\x64\debug\game5.tlog\cl.read.1.tlog
c:\users\student\desktop\mygame\x64\debug\game5.tlog\cl.write.1.tlog
c:\users\student\desktop\mygame\x64\debug\game5.tlog\link-cvtres.read.1.tlog
c:\users\student\desktop\mygame\x64\debug\game5.tlog\link-cvtres.write.1.tlog
c:\users\student\desktop\mygame\x64\debug\game5.tlog\link-rc.read.1.tlog
c:\users\student\desktop\mygame\x64\debug\game5.tlog\link-rc.write.1.tlog
c:\users\student\desktop\mygame\x64\debug\game5.tlog\link.2040-cvtres.read.1.tlog
c:\users\student\desktop\mygame\x64\debug\game5.tlog\link.2040-cvtres.write.1.tlog
c:\users\student\desktop\mygame\x64\debug\game5.tlog\link.2040-rc.read.1.tlog
c:\users\student\desktop\mygame\x64\debug\game5.tlog\link.2040-rc.write.1.tlog
c:\users\student\desktop\mygame\x64\debug\game5.tlog\link.2040.read.1.tlog
c:\users\student\desktop\mygame\x64\debug\game5.tlog\link.2040.write.1.tlog
c:\users\student\desktop\mygame\x64\debug\game5.tlog\link.command.1.tlog
c:\users\student\desktop\mygame\x64\debug\game5.tlog\link.read.1.tlog
c:\users\student\desktop\mygame\x64\debug\game5.tlog\link.write.1.tlog
